<?xml version="1.0" encoding="UTF-8"?>
<!-- Generated by org.testng.reporters.JUnitReportReporter -->
<testsuite hostname="DESKTOP-OL7ELR1" failures="0" tests="1" name="com.testInterviewPractice.tests.AllSelenium" time="7.580" errors="0" timestamp="02 Nov 2022 09:55:26 GMT" skipped="0">
  <testcase classname="com.testInterviewPractice.tests.AllSelenium" name="AllLocatorsPractice" time="7.580"/>
</testsuite> <!-- com.testInterviewPractice.tests.AllSelenium -->
